[18:51:32] [Client thread/INFO]: Setting user: Player873
[18:51:32] [Client thread/INFO]: (Session ID is token:0:Player873)
[18:51:33] [Client thread/INFO]: [OptiFine] *** Reflector Forge ***
[18:51:33] [Client thread/INFO]: [OptiFine] *** Reflector Vanilla ***
[18:51:33] [Client thread/INFO]: [OptiFine] (Reflector) Class not present: net.minecraftforge.fml.common.eventhandler.Event$Result
[18:51:33] [Client thread/INFO]: [OptiFine] (Reflector) Class not present: net.minecraft.launchwrapper.Launch
[18:51:33] [Client thread/INFO]: LWJGL Version: 2.9.4
[18:51:34] [Client thread/INFO]: [OptiFine] 
[18:51:34] [Client thread/INFO]: [OptiFine] OptiFine_1.8.9_HD_U_M5
[18:51:34] [Client thread/INFO]: [OptiFine] Build: null
[18:51:34] [Client thread/INFO]: [OptiFine] OS: Windows 11 (amd64) version 10.0
[18:51:34] [Client thread/INFO]: [OptiFine] Java: 1.8.0_431, Oracle Corporation
[18:51:34] [Client thread/INFO]: [OptiFine] VM: Java HotSpot(TM) 64-Bit Server VM (mixed mode), Oracle Corporation
[18:51:34] [Client thread/INFO]: [OptiFine] LWJGL: 2.9.4
[18:51:34] [Client thread/INFO]: [OptiFine] OpenGL: Intel(R) Iris(R) Plus Graphics 655, version 4.6.0 - Build 31.0.101.2128, Intel
[18:51:34] [Client thread/INFO]: [OptiFine] OpenGL Version: 4.6.0
[18:51:34] [Client thread/INFO]: [OptiFine] OpenGL Fancy fog: Not available (GL_NV_fog_distance)
[18:51:34] [Client thread/INFO]: [OptiFine] Maximum texture size: 16384x16384
[18:51:34] [VersionCheck/INFO]: [OptiFine] Checking for new version
[18:51:34] [Client thread/INFO]: [Shaders] OpenGL Version: 4.6.0 - Build 31.0.101.2128
[18:51:34] [Client thread/INFO]: [Shaders] Vendor:  Intel
[18:51:34] [Client thread/INFO]: [Shaders] Renderer: Intel(R) Iris(R) Plus Graphics 655
[18:51:34] [Client thread/INFO]: [Shaders] Capabilities:  2.0  2.1  3.0  3.2  4.0 
[18:51:34] [Client thread/INFO]: [Shaders] GL_MAX_DRAW_BUFFERS: 8
[18:51:34] [Client thread/INFO]: [Shaders] GL_MAX_COLOR_ATTACHMENTS_EXT: 8
[18:51:34] [Client thread/INFO]: [Shaders] GL_MAX_TEXTURE_IMAGE_UNITS: 32
[18:51:34] [Client thread/INFO]: [Shaders] Load shaders configuration.
[18:51:34] [Client thread/INFO]: [Shaders] Save shaders configuration.
[18:51:34] [Client thread/INFO]: [Shaders] No shaderpack loaded.
[18:51:34] [Client thread/INFO]: [OptiFine] (Reflector) Class not present: net.minecraftforge.fml.common.Loader
[18:51:34] [Client thread/INFO]: [OptiFine] (Reflector) Class not present: net.minecraftforge.fml.client.SplashProgress
[18:51:34] [Client thread/INFO]: Reloading ResourceManager: Default
[18:51:34] [Client thread/INFO]: [OptiFine] (Reflector) Class not present: optifine.OptiFineClassTransformer
[18:51:34] [Client thread/INFO]: [OptiFine] *** Reloading textures ***
[18:51:34] [Client thread/INFO]: [OptiFine] Resource packs: Default
[18:51:34] [Client thread/INFO]: [OptiFine] (Reflector) Class not present: net.minecraftforge.client.model.Attributes
[18:51:34] [Client thread/INFO]: [OptiFine] (Reflector) Method not present: net.minecraft.client.renderer.vertex.VertexFormatElement$EnumUsage.preDraw
[18:51:34] [Client thread/INFO]: [OptiFine] (Reflector) Method not present: net.minecraft.client.renderer.vertex.VertexFormatElement$EnumUsage.postDraw
[18:51:34] [Sound Library Loader/INFO]: Starting up SoundSystem...
[18:51:34] [VersionCheck/INFO]: [OptiFine] Version found: M5
[18:51:34] [Thread-6/INFO]: Initializing LWJGL OpenAL
[18:51:34] [Thread-6/INFO]: (The LWJGL binding of OpenAL.  For more information, see http://www.lwjgl.org)
[18:51:34] [Thread-6/INFO]: OpenAL initialized.
[18:51:34] [Sound Library Loader/INFO]: Sound engine started
[18:51:35] [Client thread/INFO]: [OptiFine] (Reflector) Class not present: net.minecraftforge.client.ForgeHooksClient
[18:51:36] [Client thread/INFO]: [OptiFine] Mipmap levels: 4
[18:51:36] [Client thread/INFO]: [OptiFine] Multitexture: false
[18:51:36] [Client thread/INFO]: [OptiFine] ConnectedTextures: mcpatcher/ctm/default/0_glass_white/glass_pane_white.properties
[18:51:36] [Client thread/INFO]: [OptiFine] ConnectedTextures: mcpatcher/ctm/default/0_glass_white/glass_white.properties
[18:51:36] [Client thread/INFO]: [OptiFine] ConnectedTextures: mcpatcher/ctm/default/10_glass_purple/glass_pane_purple.properties
[18:51:36] [Client thread/INFO]: [OptiFine] ConnectedTextures: mcpatcher/ctm/default/10_glass_purple/glass_purple.properties
[18:51:36] [Client thread/INFO]: [OptiFine] ConnectedTextures: mcpatcher/ctm/default/11_glass_blue/glass_blue.properties
[18:51:36] [Client thread/INFO]: [OptiFine] ConnectedTextures: mcpatcher/ctm/default/11_glass_blue/glass_pane_blue.properties
[18:51:36] [Client thread/INFO]: [OptiFine] ConnectedTextures: mcpatcher/ctm/default/12_glass_brown/glass_brown.properties
[18:51:36] [Client thread/INFO]: [OptiFine] ConnectedTextures: mcpatcher/ctm/default/12_glass_brown/glass_pane_brown.properties
[18:51:36] [Client thread/INFO]: [OptiFine] ConnectedTextures: mcpatcher/ctm/default/13_glass_green/glass_green.properties
[18:51:36] [Client thread/INFO]: [OptiFine] ConnectedTextures: mcpatcher/ctm/default/13_glass_green/glass_pane_green.properties
[18:51:36] [Client thread/INFO]: [OptiFine] ConnectedTextures: mcpatcher/ctm/default/14_glass_red/glass_pane_red.properties
[18:51:36] [Client thread/INFO]: [OptiFine] ConnectedTextures: mcpatcher/ctm/default/14_glass_red/glass_red.properties
[18:51:36] [Client thread/INFO]: [OptiFine] ConnectedTextures: mcpatcher/ctm/default/15_glass_black/glass_black.properties
[18:51:36] [Client thread/INFO]: [OptiFine] ConnectedTextures: mcpatcher/ctm/default/15_glass_black/glass_pane_black.properties
[18:51:36] [Client thread/INFO]: [OptiFine] ConnectedTextures: mcpatcher/ctm/default/1_glass_orange/glass_orange.properties
[18:51:36] [Client thread/INFO]: [OptiFine] ConnectedTextures: mcpatcher/ctm/default/1_glass_orange/glass_pane_orange.properties
[18:51:36] [Client thread/INFO]: [OptiFine] ConnectedTextures: mcpatcher/ctm/default/2_glass_magenta/glass_magenta.properties
[18:51:36] [Client thread/INFO]: [OptiFine] ConnectedTextures: mcpatcher/ctm/default/2_glass_magenta/glass_pane_magenta.properties
[18:51:36] [Client thread/INFO]: [OptiFine] ConnectedTextures: mcpatcher/ctm/default/3_glass_light_blue/glass_light_blue.properties
[18:51:36] [Client thread/INFO]: [OptiFine] ConnectedTextures: mcpatcher/ctm/default/3_glass_light_blue/glass_pane_light_blue.properties
[18:51:36] [Client thread/INFO]: [OptiFine] ConnectedTextures: mcpatcher/ctm/default/4_glass_yellow/glass_pane_yellow.properties
[18:51:36] [Client thread/INFO]: [OptiFine] ConnectedTextures: mcpatcher/ctm/default/4_glass_yellow/glass_yellow.properties
[18:51:36] [Client thread/INFO]: [OptiFine] ConnectedTextures: mcpatcher/ctm/default/5_glass_lime/glass_lime.properties
[18:51:36] [Client thread/INFO]: [OptiFine] ConnectedTextures: mcpatcher/ctm/default/5_glass_lime/glass_pane_lime.properties
[18:51:36] [Client thread/INFO]: [OptiFine] ConnectedTextures: mcpatcher/ctm/default/6_glass_pink/glass_pane_pink.properties
[18:51:36] [Client thread/INFO]: [OptiFine] ConnectedTextures: mcpatcher/ctm/default/6_glass_pink/glass_pink.properties
[18:51:36] [Client thread/INFO]: [OptiFine] ConnectedTextures: mcpatcher/ctm/default/7_glass_gray/glass_gray.properties
[18:51:36] [Client thread/INFO]: [OptiFine] ConnectedTextures: mcpatcher/ctm/default/7_glass_gray/glass_pane_gray.properties
[18:51:36] [Client thread/INFO]: [OptiFine] ConnectedTextures: mcpatcher/ctm/default/8_glass_silver/glass_pane_silver.properties
[18:51:36] [Client thread/INFO]: [OptiFine] ConnectedTextures: mcpatcher/ctm/default/8_glass_silver/glass_silver.properties
[18:51:36] [Client thread/INFO]: [OptiFine] ConnectedTextures: mcpatcher/ctm/default/9_glass_cyan/glass_cyan.properties
[18:51:36] [Client thread/INFO]: [OptiFine] ConnectedTextures: mcpatcher/ctm/default/9_glass_cyan/glass_pane_cyan.properties
[18:51:36] [Client thread/INFO]: [OptiFine] ConnectedTextures: mcpatcher/ctm/default/bookshelf.properties
[18:51:36] [Client thread/INFO]: [OptiFine] ConnectedTextures: mcpatcher/ctm/default/glass.properties
[18:51:36] [Client thread/INFO]: [OptiFine] ConnectedTextures: mcpatcher/ctm/default/glasspane.properties
[18:51:36] [Client thread/INFO]: [OptiFine] ConnectedTextures: mcpatcher/ctm/default/sandstone.properties
[18:51:36] [Client thread/INFO]: [OptiFine] Multipass connected textures: false
[18:51:36] [Client thread/INFO]: [OptiFine] BetterGrass: Parsing default configuration optifine/bettergrass.properties
[18:51:38] [Client thread/INFO]: Created: 1024x512 textures-atlas
[18:51:38] [Client thread/INFO]: [OptiFine] Animated sprites: 11
[18:51:38] [Client thread/INFO]: [OptiFine] (Reflector) Class not present: net.minecraftforge.client.model.ModelLoader
[18:51:38] [Client thread/INFO]: [OptiFine] (Reflector) Class not present: net.minecraftforge.client.ItemModelMesherForge
[18:51:38] [Client thread/INFO]: [OptiFine] (Reflector) Class not present: net.minecraftforge.fml.client.registry.RenderingRegistry
[18:51:38] [Client thread/INFO]: [OptiFine] (Reflector) Class not present: net.minecraftforge.common.ForgeModContainer
[18:51:39] [Client thread/INFO]: [OptiFine] (Reflector) Class not present: net.minecraftforge.fml.client.GuiModList
[18:51:39] [Client thread/INFO]: [OptiFine] (Reflector) Class not present: mods.betterfoliage.client.BetterFoliageClient
[18:51:39] [Client thread/INFO]: [OptiFine] (Reflector) Class not present: net.minecraftforge.fml.common.asm.transformers.BlamingTransformer
[18:51:39] [Client thread/INFO]: [OptiFine] (Reflector) Class not present: net.minecraftforge.event.world.ChunkWatchEvent$UnWatch
[18:51:39] [Client thread/INFO]: [OptiFine] (Reflector) Class not present: net.minecraftforge.fml.relauncher.CoreModManager
[18:51:39] [Client thread/INFO]: [OptiFine] (Reflector) Class not present: net.minecraftforge.common.DimensionManager
[18:51:39] [Client thread/INFO]: [OptiFine] (Reflector) Class not present: net.minecraftforge.client.event.GuiScreenEvent$DrawScreenEvent$Pre
[18:51:39] [Client thread/INFO]: [OptiFine] (Reflector) Class not present: net.minecraftforge.client.event.GuiScreenEvent$DrawScreenEvent$Post
[18:51:39] [Client thread/INFO]: [OptiFine] (Reflector) Class not present: net.minecraftforge.client.event.EntityViewRenderEvent$CameraSetup
[18:51:39] [Client thread/INFO]: [OptiFine] (Reflector) Class not present: net.minecraftforge.client.event.EntityViewRenderEvent$FogColors
[18:51:39] [Client thread/INFO]: [OptiFine] (Reflector) Class not present: net.minecraftforge.fml.common.eventhandler.Event
[18:51:39] [Client thread/INFO]: [OptiFine] (Reflector) Class not present: net.minecraftforge.fml.common.eventhandler.EventBus
[18:51:39] [Client thread/INFO]: [OptiFine] (Reflector) Class not present: net.minecraftforge.common.property.ExtendedBlockState
[18:51:39] [Client thread/INFO]: [OptiFine] (Reflector) Class not present: net.minecraftforge.fml.client.FMLClientHandler
[18:51:39] [Client thread/INFO]: [OptiFine] (Reflector) Class not present: net.minecraftforge.fml.common.FMLCommonHandler
[18:51:39] [Client thread/INFO]: [OptiFine] (Reflector) Method not present: net.minecraft.world.biome.BiomeGenBase.getWaterColorMultiplier
[18:51:39] [Client thread/INFO]: [OptiFine] (Reflector) Method not present: net.minecraft.block.Block.addDestroyEffects
[18:51:39] [Client thread/INFO]: [OptiFine] (Reflector) Method not present: net.minecraft.block.Block.addHitEffects
[18:51:39] [Client thread/INFO]: [OptiFine] (Reflector) Method not present: net.minecraft.block.Block.canCreatureSpawn
[18:51:39] [Client thread/INFO]: [OptiFine] (Reflector) Method not present: net.minecraft.block.Block.canRenderInLayer
[18:51:39] [Client thread/INFO]: [OptiFine] (Reflector) Method not present: net.minecraft.block.Block.doesSideBlockRendering
[18:51:39] [Client thread/INFO]: [OptiFine] (Reflector) Method not present: net.minecraft.block.Block.getBedDirection
[18:51:39] [Client thread/INFO]: [OptiFine] (Reflector) Method not present: net.minecraft.block.Block.getExtendedState
[18:51:39] [Client thread/INFO]: [OptiFine] (Reflector) Method not present: net.minecraft.block.Block.getLightOpacity
[18:51:39] [Client thread/INFO]: [OptiFine] (Reflector) Method not present: net.minecraft.block.Block.getLightValue
[18:51:39] [Client thread/INFO]: [OptiFine] (Reflector) Method not present: net.minecraft.block.Block.hasTileEntity
[18:51:39] [Client thread/INFO]: [OptiFine] (Reflector) Method not present: net.minecraft.block.Block.isAir
[18:51:39] [Client thread/INFO]: [OptiFine] (Reflector) Method not present: net.minecraft.block.Block.isBed
[18:51:39] [Client thread/INFO]: [OptiFine] (Reflector) Method not present: net.minecraft.block.Block.isBedFoot
[18:51:39] [Client thread/INFO]: [OptiFine] (Reflector) Method not present: net.minecraft.block.Block.isSideSolid
[18:51:39] [Client thread/INFO]: [OptiFine] (Reflector) Method not present: net.minecraft.world.ChunkCache.isSideSolid
[18:51:39] [Client thread/INFO]: [OptiFine] (Reflector) Method not present: net.minecraft.entity.Entity.canRiderInteract
[18:51:39] [Client thread/INFO]: [OptiFine] (Reflector) Field not present: net.minecraft.entity.Entity.captureDrops
[18:51:39] [Client thread/INFO]: [OptiFine] (Reflector) Field not present: net.minecraft.entity.Entity.capturedDrops
[18:51:39] [Client thread/INFO]: [OptiFine] (Reflector) Method not present: net.minecraft.entity.Entity.shouldRenderInPass
[18:51:39] [Client thread/INFO]: [OptiFine] (Reflector) Method not present: net.minecraft.entity.Entity.shouldRiderSit
[18:51:39] [Client thread/INFO]: [OptiFine] (Reflector) Class not present: net.minecraftforge.event.ForgeEventFactory
[18:51:39] [Client thread/INFO]: [OptiFine] (Reflector) Class not present: net.minecraftforge.common.ForgeHooks
[18:51:39] [Client thread/INFO]: [OptiFine] (Reflector) Field not present: net.minecraft.item.Item.delegate
[18:51:39] [Client thread/INFO]: [OptiFine] (Reflector) Method not present: net.minecraft.item.Item.getDurabilityForDisplay
[18:51:39] [Client thread/INFO]: [OptiFine] (Reflector) Method not present: net.minecraft.item.Item.getModel
[18:51:39] [Client thread/INFO]: [OptiFine] (Reflector) Method not present: net.minecraft.item.Item.onEntitySwing
[18:51:39] [Client thread/INFO]: [OptiFine] (Reflector) Method not present: net.minecraft.item.Item.shouldCauseReequipAnimation
[18:51:39] [Client thread/INFO]: [OptiFine] (Reflector) Method not present: net.minecraft.item.Item.showDurabilityBar
[18:51:39] [Client thread/INFO]: [OptiFine] (Reflector) Method not present: net.minecraft.potion.PotionEffect.isCurativeItem
[18:51:39] [Client thread/INFO]: [OptiFine] (Reflector) Method not present: net.minecraft.tileentity.TileEntity.canRenderBreaking
[18:51:39] [Client thread/INFO]: [OptiFine] (Reflector) Method not present: net.minecraft.tileentity.TileEntity.getRenderBoundingBox
[18:51:39] [Client thread/INFO]: [OptiFine] (Reflector) Method not present: net.minecraft.tileentity.TileEntity.hasFastRenderer
[18:51:39] [Client thread/INFO]: [OptiFine] (Reflector) Method not present: net.minecraft.tileentity.TileEntity.shouldRenderInPass
[18:51:39] [Client thread/INFO]: [OptiFine] (Reflector) Method not present: net.minecraft.world.World.countEntities
[18:51:39] [Client thread/INFO]: [OptiFine] (Reflector) Method not present: net.minecraft.world.World.getPerWorldStorage
[18:51:39] [Client thread/INFO]: [OptiFine] (Reflector) Method not present: net.minecraft.world.WorldProvider.getCloudRenderer
[18:51:39] [Client thread/INFO]: [OptiFine] (Reflector) Method not present: net.minecraft.world.WorldProvider.getSkyRenderer
[18:51:39] [Client thread/INFO]: [OptiFine] (Reflector) Method not present: net.minecraft.world.WorldProvider.getWeatherRenderer
[18:51:39] [Client thread/INFO]: [OptiFine] (Reflector) Method not present: net.minecraft.world.WorldProvider.getSaveFolder
[18:51:39] [Client thread/INFO]: [OptiFine] (Reflector) Class not present: net.minecraftforge.client.model.IColoredBakedQuad
[18:51:39] [Client thread/INFO]: [OptiFine] (Reflector) Class not present: net.minecraftforge.common.property.IExtendedBlockState
[18:51:39] [Client thread/INFO]: [OptiFine] (Reflector) Class not present: net.minecraftforge.client.model.IModel
[18:51:39] [Client thread/INFO]: [OptiFine] (Reflector) Class not present: net.minecraftforge.client.IRenderHandler
[18:51:39] [Client thread/INFO]: [OptiFine] (Reflector) Class not present: net.minecraftforge.client.model.pipeline.LightUtil
[18:51:39] [Client thread/INFO]: [OptiFine] (Reflector) Class not present: net.minecraftforge.common.MinecraftForge
[18:51:39] [Client thread/INFO]: [OptiFine] (Reflector) Class not present: net.minecraftforge.client.MinecraftForgeClient
[18:51:39] [Client thread/INFO]: [OptiFine] (Reflector) Class not present: net.minecraftforge.fml.common.ModContainer
[18:51:39] [Client thread/INFO]: [OptiFine] (Reflector) Class not present: net.minecraftforge.client.model.ModelLoader$VanillaLoader
[18:51:39] [Client thread/INFO]: [OptiFine] (Reflector) Class not present: net.minecraftforge.client.event.RenderBlockOverlayEvent$OverlayType
[18:51:39] [Client thread/INFO]: [OptiFine] (Reflector) Class not present: net.minecraftforge.client.event.RenderItemInFrameEvent
[18:51:39] [Client thread/INFO]: [OptiFine] (Reflector) Class not present: net.minecraftforge.client.event.RenderLivingEvent$Pre
[18:51:39] [Client thread/INFO]: [OptiFine] (Reflector) Class not present: net.minecraftforge.client.event.RenderLivingEvent$Post
[18:51:39] [Client thread/INFO]: [OptiFine] (Reflector) Class not present: net.minecraftforge.client.event.RenderLivingEvent$Specials$Pre
[18:51:39] [Client thread/INFO]: [OptiFine] (Reflector) Class not present: net.minecraftforge.client.event.RenderLivingEvent$Specials$Post
[18:51:39] [Client thread/INFO]: [OptiFine] (Reflector) Class not present: net.minecraftforge.event.world.WorldEvent$Load
[18:51:39] [Client thread/INFO]: [OptiFine] *** Reloading custom textures ***
[18:51:39] [Client thread/INFO]: [OptiFine] Enable face culling: acacia_leaves, birch_leaves, dark_oak_leaves, jungle_leaves, oak_leaves, spruce_leaves
[18:51:48] [Server thread/INFO]: Starting integrated minecraft server version 1.9
[18:51:48] [Server thread/INFO]: Generating keypair
[18:51:48] [Server thread/INFO]: Preparing start region for level 0
[18:51:49] [Server thread/INFO]: Changing view distance to 2, from 10
[18:51:49] [Server thread/INFO]: Player873[local:E:7652e484] logged in with entity id 419 at (75.92767361714256, 85.0, 388.32425774143564)
[18:51:49] [Server thread/INFO]: Player873 joined the game
[18:51:50] [Server thread/WARN]: Biome ID is out of bounds: 133349, defaulting to 0 (Ocean)
[18:51:50] [Server thread/WARN]: Biome ID is out of bounds: 269245, defaulting to 0 (Ocean)
[18:51:50] [Server thread/WARN]: Biome ID is out of bounds: 269245, defaulting to 0 (Ocean)
[18:51:50] [Server thread/WARN]: Biome ID is out of bounds: 269245, defaulting to 0 (Ocean)
[18:51:50] [Server thread/WARN]: Biome ID is out of bounds: 269245, defaulting to 0 (Ocean)
[18:51:50] [Server thread/WARN]: Biome ID is out of bounds: 269245, defaulting to 0 (Ocean)
[18:51:50] [Server thread/WARN]: Biome ID is out of bounds: 269245, defaulting to 0 (Ocean)
[18:51:50] [Server thread/WARN]: Biome ID is out of bounds: 269245, defaulting to 0 (Ocean)
[18:51:50] [Server thread/WARN]: Biome ID is out of bounds: 269245, defaulting to 0 (Ocean)
[18:51:50] [Server thread/WARN]: Biome ID is out of bounds: 269245, defaulting to 0 (Ocean)
[18:51:50] [Server thread/WARN]: Biome ID is out of bounds: 269245, defaulting to 0 (Ocean)
[18:51:50] [Server thread/WARN]: Biome ID is out of bounds: 269245, defaulting to 0 (Ocean)
[18:51:53] [Server thread/INFO]: Saving and pausing game...
[18:51:53] [Server thread/INFO]: Saving chunks for level 'New World'/Overworld
[18:51:54] [Server thread/INFO]: Saving chunks for level 'New World'/Nether
[18:51:54] [Server thread/INFO]: Saving chunks for level 'New World'/The End
[18:51:55] [Server thread/INFO]: Saving and pausing game...
[18:51:55] [Server thread/INFO]: Saving chunks for level 'New World'/Overworld
[18:51:55] [Server thread/INFO]: Saving chunks for level 'New World'/Nether
[18:51:55] [Server thread/INFO]: Saving chunks for level 'New World'/The End
[18:52:08] [Server thread/INFO]: Saving and pausing game...
[18:52:08] [Server thread/INFO]: Saving chunks for level 'New World'/Overworld
[18:52:09] [Server thread/INFO]: Saving chunks for level 'New World'/Nether
[18:52:09] [Server thread/INFO]: Saving chunks for level 'New World'/The End
[18:52:32] [Server thread/INFO]: Saving and pausing game...
[18:52:32] [Server thread/INFO]: Saving chunks for level 'New World'/Overworld
[18:52:33] [Server thread/INFO]: Saving chunks for level 'New World'/Nether
[18:52:33] [Server thread/INFO]: Saving chunks for level 'New World'/The End
